14.02.2018 21:24:39 WARN  [org.apache.jackrabbit.core.util.RepositoryLock.acquire():134] Existing lock file C:\silay\task\myhippoproject\assessment\storage\.lock detected. Repository was not shut down properly.
14.02.2018 21:24:53 WARN  [org.apache.jackrabbit.core.SessionImpl.finalize():1376] Unclosed session detected. The session was opened here: 
java.lang.Exception: Stack Trace
	at org.apache.jackrabbit.core.SessionImpl.<init>(SessionImpl.java:283) ~[jackrabbit-core-2.14.0-h2.jar:2.14.0-h2]
	at org.apache.jackrabbit.core.SessionImpl.<init>(SessionImpl.java:243) ~[jackrabbit-core-2.14.0-h2.jar:2.14.0-h2]
	at org.apache.jackrabbit.core.XASessionImpl.<init>(XASessionImpl.java:106) ~[jackrabbit-core-2.14.0-h2.jar:2.14.0-h2]
	at org.hippoecm.repository.jackrabbit.XASessionImpl.<init>(XASessionImpl.java:67) ~[hippo-repository-engine-5.1.1.jar:5.1.1]
	at org.hippoecm.repository.jackrabbit.RepositoryImpl.createSessionInstance(RepositoryImpl.java:219) ~[hippo-repository-engine-5.1.1.jar:5.1.1]
	at org.apache.jackrabbit.core.RepositoryImpl.createSession(RepositoryImpl.java:956) ~[jackrabbit-core-2.14.0-h2.jar:2.14.0-h2]
	at org.apache.jackrabbit.core.RepositoryImpl.login(RepositoryImpl.java:1501) ~[jackrabbit-core-2.14.0-h2.jar:2.14.0-h2]
	at org.hippoecm.repository.jackrabbit.RepositoryImpl.login(RepositoryImpl.java:373) ~[hippo-repository-engine-5.1.1.jar:5.1.1]
	at org.hippoecm.repository.impl.RepositoryDecorator.login(RepositoryDecorator.java:71) ~[hippo-repository-engine-5.1.1.jar:5.1.1]
	at org.hippoecm.repository.impl.RepositoryDecorator.login(RepositoryDecorator.java:44) ~[hippo-repository-engine-5.1.1.jar:5.1.1]
	at org.example.assessment.RepositoryTest.testTraverseQueries(RepositoryTest.java:55) ~[test-classes/:?]
	at sun.reflect.NativeMethodAccessorImpl.invoke0(Native Method) ~[?:1.8.0_101]
	at sun.reflect.NativeMethodAccessorImpl.invoke(NativeMethodAccessorImpl.java:62) ~[?:1.8.0_101]
	at sun.reflect.DelegatingMethodAccessorImpl.invoke(DelegatingMethodAccessorImpl.java:43) ~[?:1.8.0_101]
	at java.lang.reflect.Method.invoke(Method.java:498) ~[?:1.8.0_101]
	at org.junit.runners.model.FrameworkMethod$1.runReflectiveCall(FrameworkMethod.java:50) ~[junit-4.12.jar:4.12]
	at org.junit.internal.runners.model.ReflectiveCallable.run(ReflectiveCallable.java:12) ~[junit-4.12.jar:4.12]
	at org.junit.runners.model.FrameworkMethod.invokeExplosively(FrameworkMethod.java:47) ~[junit-4.12.jar:4.12]
	at org.junit.internal.runners.statements.InvokeMethod.evaluate(InvokeMethod.java:17) ~[junit-4.12.jar:4.12]
	at org.junit.internal.runners.statements.RunBefores.evaluate(RunBefores.java:26) ~[junit-4.12.jar:4.12]
	at org.junit.internal.runners.statements.RunAfters.evaluate(RunAfters.java:27) ~[junit-4.12.jar:4.12]
	at org.junit.runners.ParentRunner.runLeaf(ParentRunner.java:325) ~[junit-4.12.jar:4.12]
	at org.junit.runners.BlockJUnit4ClassRunner.runChild(BlockJUnit4ClassRunner.java:78) ~[junit-4.12.jar:4.12]
	at org.junit.runners.BlockJUnit4ClassRunner.runChild(BlockJUnit4ClassRunner.java:57) ~[junit-4.12.jar:4.12]
	at org.junit.runners.ParentRunner$3.run(ParentRunner.java:290) ~[junit-4.12.jar:4.12]
	at org.junit.runners.ParentRunner$1.schedule(ParentRunner.java:71) ~[junit-4.12.jar:4.12]
	at org.junit.runners.ParentRunner.runChildren(ParentRunner.java:288) ~[junit-4.12.jar:4.12]
	at org.junit.runners.ParentRunner.access$000(ParentRunner.java:58) ~[junit-4.12.jar:4.12]
	at org.junit.runners.ParentRunner$2.evaluate(ParentRunner.java:268) ~[junit-4.12.jar:4.12]
	at org.junit.internal.runners.statements.RunBefores.evaluate(RunBefores.java:26) ~[junit-4.12.jar:4.12]
	at org.junit.internal.runners.statements.RunAfters.evaluate(RunAfters.java:27) ~[junit-4.12.jar:4.12]
	at org.junit.runners.ParentRunner.run(ParentRunner.java:363) ~[junit-4.12.jar:4.12]
	at org.junit.runner.JUnitCore.run(JUnitCore.java:137) ~[junit-4.12.jar:4.12]
	at com.intellij.junit4.JUnit4IdeaTestRunner.startRunnerWithArgs(JUnit4IdeaTestRunner.java:68) ~[junit-rt.jar:?]
	at com.intellij.rt.execution.junit.IdeaTestRunner$Repeater.startRunnerWithArgs(IdeaTestRunner.java:47) ~[junit-rt.jar:?]
	at com.intellij.rt.execution.junit.JUnitStarter.prepareStreamsAndStart(JUnitStarter.java:242) ~[junit-rt.jar:?]
	at com.intellij.rt.execution.junit.JUnitStarter.main(JUnitStarter.java:70) ~[junit-rt.jar:?]
15.02.2018 04:51:12 WARN  [org.apache.jackrabbit.core.SessionImpl.finalize():1376] Unclosed session detected. The session was opened here: 
java.lang.Exception: Stack Trace
	at org.apache.jackrabbit.core.SessionImpl.<init>(SessionImpl.java:283) ~[jackrabbit-core-2.14.0-h2.jar:2.14.0-h2]
	at org.apache.jackrabbit.core.SessionImpl.<init>(SessionImpl.java:243) ~[jackrabbit-core-2.14.0-h2.jar:2.14.0-h2]
	at org.apache.jackrabbit.core.XASessionImpl.<init>(XASessionImpl.java:106) ~[jackrabbit-core-2.14.0-h2.jar:2.14.0-h2]
	at org.hippoecm.repository.jackrabbit.XASessionImpl.<init>(XASessionImpl.java:67) ~[hippo-repository-engine-5.1.1.jar:5.1.1]
	at org.hippoecm.repository.jackrabbit.RepositoryImpl.createSessionInstance(RepositoryImpl.java:219) ~[hippo-repository-engine-5.1.1.jar:5.1.1]
	at org.apache.jackrabbit.core.RepositoryImpl.createSession(RepositoryImpl.java:956) ~[jackrabbit-core-2.14.0-h2.jar:2.14.0-h2]
	at org.apache.jackrabbit.core.RepositoryImpl.login(RepositoryImpl.java:1501) ~[jackrabbit-core-2.14.0-h2.jar:2.14.0-h2]
	at org.hippoecm.repository.jackrabbit.RepositoryImpl.login(RepositoryImpl.java:373) ~[hippo-repository-engine-5.1.1.jar:5.1.1]
	at org.hippoecm.repository.impl.RepositoryDecorator.login(RepositoryDecorator.java:71) ~[hippo-repository-engine-5.1.1.jar:5.1.1]
	at org.hippoecm.repository.impl.RepositoryDecorator.login(RepositoryDecorator.java:44) ~[hippo-repository-engine-5.1.1.jar:5.1.1]
	at org.example.assessment.RepositoryTest.testTraverseQueries(RepositoryTest.java:55) ~[test-classes/:?]
	at sun.reflect.NativeMethodAccessorImpl.invoke0(Native Method) ~[?:1.8.0_101]
	at sun.reflect.NativeMethodAccessorImpl.invoke(NativeMethodAccessorImpl.java:62) ~[?:1.8.0_101]
	at sun.reflect.DelegatingMethodAccessorImpl.invoke(DelegatingMethodAccessorImpl.java:43) ~[?:1.8.0_101]
	at java.lang.reflect.Method.invoke(Method.java:498) ~[?:1.8.0_101]
	at org.junit.runners.model.FrameworkMethod$1.runReflectiveCall(FrameworkMethod.java:50) ~[junit-4.12.jar:4.12]
	at org.junit.internal.runners.model.ReflectiveCallable.run(ReflectiveCallable.java:12) ~[junit-4.12.jar:4.12]
	at org.junit.runners.model.FrameworkMethod.invokeExplosively(FrameworkMethod.java:47) ~[junit-4.12.jar:4.12]
	at org.junit.internal.runners.statements.InvokeMethod.evaluate(InvokeMethod.java:17) ~[junit-4.12.jar:4.12]
	at org.junit.internal.runners.statements.RunBefores.evaluate(RunBefores.java:26) ~[junit-4.12.jar:4.12]
	at org.junit.internal.runners.statements.RunAfters.evaluate(RunAfters.java:27) ~[junit-4.12.jar:4.12]
	at org.junit.runners.ParentRunner.runLeaf(ParentRunner.java:325) ~[junit-4.12.jar:4.12]
	at org.junit.runners.BlockJUnit4ClassRunner.runChild(BlockJUnit4ClassRunner.java:78) ~[junit-4.12.jar:4.12]
	at org.junit.runners.BlockJUnit4ClassRunner.runChild(BlockJUnit4ClassRunner.java:57) ~[junit-4.12.jar:4.12]
	at org.junit.runners.ParentRunner$3.run(ParentRunner.java:290) ~[junit-4.12.jar:4.12]
	at org.junit.runners.ParentRunner$1.schedule(ParentRunner.java:71) ~[junit-4.12.jar:4.12]
	at org.junit.runners.ParentRunner.runChildren(ParentRunner.java:288) ~[junit-4.12.jar:4.12]
	at org.junit.runners.ParentRunner.access$000(ParentRunner.java:58) ~[junit-4.12.jar:4.12]
	at org.junit.runners.ParentRunner$2.evaluate(ParentRunner.java:268) ~[junit-4.12.jar:4.12]
	at org.junit.internal.runners.statements.RunBefores.evaluate(RunBefores.java:26) ~[junit-4.12.jar:4.12]
	at org.junit.internal.runners.statements.RunAfters.evaluate(RunAfters.java:27) ~[junit-4.12.jar:4.12]
	at org.junit.runners.ParentRunner.run(ParentRunner.java:363) ~[junit-4.12.jar:4.12]
	at org.apache.maven.surefire.junit4.JUnit4Provider.execute(JUnit4Provider.java:369) ~[surefire-junit4-2.20.1.jar:2.20.1]
	at org.apache.maven.surefire.junit4.JUnit4Provider.executeWithRerun(JUnit4Provider.java:275) ~[surefire-junit4-2.20.1.jar:2.20.1]
	at org.apache.maven.surefire.junit4.JUnit4Provider.executeTestSet(JUnit4Provider.java:239) ~[surefire-junit4-2.20.1.jar:2.20.1]
	at org.apache.maven.surefire.junit4.JUnit4Provider.invoke(JUnit4Provider.java:160) ~[surefire-junit4-2.20.1.jar:2.20.1]
	at org.apache.maven.surefire.booter.ForkedBooter.invokeProviderInSameClassLoader(ForkedBooter.java:373) ~[surefire-booter-2.20.1.jar:2.20.1]
	at org.apache.maven.surefire.booter.ForkedBooter.runSuitesInProcess(ForkedBooter.java:334) ~[surefire-booter-2.20.1.jar:2.20.1]
	at org.apache.maven.surefire.booter.ForkedBooter.execute(ForkedBooter.java:119) ~[surefire-booter-2.20.1.jar:2.20.1]
	at org.apache.maven.surefire.booter.ForkedBooter.main(ForkedBooter.java:407) ~[surefire-booter-2.20.1.jar:2.20.1]
